<?xml version="1.0" encoding="UTF-8"?>
<!-- Generated by org.testng.reporters.JUnitXMLReporter -->
<testsuite hostname="IMCBCP464-MSL1" ignored="1" name="Default test" tests="1" failures="0" timestamp="2020-11-06T21:38:13 IST" time="0.057" errors="0">
  <testcase name="elementsUI" time="0.016" classname="qaclickacademy.SeleniumTest"/>
  <testcase name="browserAutomation" time="0.0" classname="qaclickacademy.SeleniumTest">
    <ignored/>
  </testcase> <!-- browserAutomation -->
</testsuite> <!-- Default test -->
