<?xml version="1.0" encoding="UTF-8"?>
<testng-results skipped="0" failed="0" ignored="0" total="4" passed="4">
  <reporter-output>
  </reporter-output>
  <suite name="Suite" duration-ms="92" started-at="2020-09-09T16:55:45 IST" finished-at="2020-09-09T16:55:45 IST">
    <groups>
    </groups>
    <test name="Test" duration-ms="92" started-at="2020-09-09T16:55:45 IST" finished-at="2020-09-09T16:55:45 IST">
      <class name="qaclickacademy.AppiumTest">
        <test-method status="PASS" signature="IOSApps()[pri:0, instance:qaclickacademy.AppiumTest@4e9ba398]" name="IOSApps" duration-ms="10" started-at="2020-09-09T16:55:45 IST" finished-at="2020-09-09T16:55:45 IST">
          <reporter-output>
          </reporter-output>
        </test-method> <!-- IOSApps -->
        <test-method status="PASS" signature="NativeAppAndroid()[pri:0, instance:qaclickacademy.AppiumTest@4e9ba398]" name="NativeAppAndroid" duration-ms="1" started-at="2020-09-09T16:55:45 IST" finished-at="2020-09-09T16:55:45 IST">
          <reporter-output>
          </reporter-output>
        </test-method> <!-- NativeAppAndroid -->
      </class> <!-- qaclickacademy.AppiumTest -->
      <class name="qaclickacademy.SeleniumTest">
        <test-method status="PASS" signature="browserAutomation()[pri:0, instance:qaclickacademy.SeleniumTest@6d7b4f4c]" name="browserAutomation" duration-ms="0" started-at="2020-09-09T16:55:45 IST" finished-at="2020-09-09T16:55:45 IST">
          <reporter-output>
          </reporter-output>
        </test-method> <!-- browserAutomation -->
        <test-method status="PASS" signature="elementsUI()[pri:0, instance:qaclickacademy.SeleniumTest@6d7b4f4c]" name="elementsUI" duration-ms="1" started-at="2020-09-09T16:55:45 IST" finished-at="2020-09-09T16:55:45 IST">
          <reporter-output>
          </reporter-output>
        </test-method> <!-- elementsUI -->
      </class> <!-- qaclickacademy.SeleniumTest -->
    </test> <!-- Test -->
  </suite> <!-- Suite -->
</testng-results>
