<?xml version="1.0" encoding="UTF-8"?>
<testng-results skipped="0" failed="0" ignored="1" total="2" passed="1">
  <reporter-output>
  </reporter-output>
  <suite name="Default suite" duration-ms="57" started-at="2020-11-06T21:38:13 IST" finished-at="2020-11-06T21:38:13 IST">
    <groups>
    </groups>
    <test name="Default test" duration-ms="57" started-at="2020-11-06T21:38:13 IST" finished-at="2020-11-06T21:38:13 IST">
      <class name="qaclickacademy.SeleniumTest">
        <test-method status="PASS" signature="elementsUI()[pri:0, instance:qaclickacademy.SeleniumTest@2d6eabae]" name="elementsUI" duration-ms="16" started-at="2020-11-06T21:38:13 IST" finished-at="2020-11-06T21:38:13 IST">
          <reporter-output>
          </reporter-output>
        </test-method> <!-- elementsUI -->
      </class> <!-- qaclickacademy.SeleniumTest -->
    </test> <!-- Default test -->
  </suite> <!-- Default suite -->
</testng-results>
